  lab19.cpp
D:\Documents\Project1\lab19\lab19.cpp(6,15): warning C4244: аргумент: преобразование "time_t" в "unsigned int", возможна потеря данных
D:\Documents\Project1\lab19\Stack.cpp(15,20): warning C4244: =: преобразование "int" в "Type", возможна потеря данных
          with
          [
              Type=float
          ]
D:\Documents\Project1\lab19\Stack.cpp(11): message : во время компиляции функции-члена класс шаблон "Stack<float>::Stack(int,Type)"
          with
          [
              Type=float
          ]
D:\Documents\Project1\lab19\lab19.cpp(48): message : выполняется компиляция ссылки на экземпляр шаблон функции "Stack<float>::Stack(int,Type)"
          with
          [
              Type=float
          ]
D:\Documents\Project1\lab19\lab19.cpp(48): message : выполняется компиляция ссылки на экземпляр класс шаблон функции "Stack<float>"
D:\Documents\Project1\lab19\Stack.h(22): warning C4715: Stack<int>::top: значение возвращается не при всех путях выполнения
D:\Documents\Project1\lab19\Stack.h(22): warning C4715: Stack<float>::top: значение возвращается не при всех путях выполнения
D:\Documents\Project1\lab19\Stack.h(22): warning C4715: Stack<double>::top: значение возвращается не при всех путях выполнения
D:\Documents\Project1\lab19\Stack.h(22): warning C4715: Stack<char>::top: значение возвращается не при всех путях выполнения
  lab19.vcxproj -> D:\Documents\Project1\Debug\lab19.exe
