  18.12.cpp
D:\Documents\Project1\18.12\18.12.cpp(102,15): warning C4244: аргумент: преобразование "time_t" в "unsigned int", возможна потеря данных
D:\Documents\Project1\18.12\Vector.cpp(58,20): warning C4018: <: несоответствие типов со знаком и без знака
D:\Documents\Project1\18.12\Vector.cpp(57): message : во время компиляции функции-члена класс шаблон "void Vector<int>::operator +(const Type)"
          with
          [
              Type=int
          ]
D:\Documents\Project1\18.12\18.12.cpp(96): message : выполняется компиляция ссылки на экземпляр шаблон функции "void Vector<int>::operator +(const Type)"
          with
          [
              Type=int
          ]
D:\Documents\Project1\18.12\18.12.cpp(92): message : выполняется компиляция ссылки на экземпляр класс шаблон функции "Vector<int>"
D:\Documents\Project1\18.12\Vector.cpp(70,20): warning C4018: <: несоответствие типов со знаком и без знака
D:\Documents\Project1\18.12\Vector.cpp(69): message : во время компиляции функции-члена класс шаблон "void Vector<int>::PrintMap(void)"
D:\Documents\Project1\18.12\18.12.cpp(93): message : выполняется компиляция ссылки на экземпляр шаблон функции "void Vector<int>::PrintMap(void)"
D:\Documents\Project1\18.12\Vector.cpp(79,20): warning C4018: <: несоответствие типов со знаком и без знака
D:\Documents\Project1\18.12\Vector.cpp(77): message : во время компиляции функции-члена класс шаблон "int Vector<int>::FindAverageValue(void)"
D:\Documents\Project1\18.12\18.12.cpp(94): message : выполняется компиляция ссылки на экземпляр шаблон функции "int Vector<int>::FindAverageValue(void)"
  18.12.vcxproj -> D:\Documents\Project1\Debug\18.12.exe
